<?xml version="1.0" encoding="UTF-8"?>
<robot generator="Robot 4.1 (Python 3.9.6 on win32)" generated="20210825 12:50:52.239" rpa="false" schemaversion="2">
<suite id="s1" name="CancelEditCustomerID" source="C:\Users\RAVI RAI\PycharmProjects\pythonProject\TestCases\CancelEditCustomerID.robot">
<test id="s1-t1" name="As a user, I'm able to cancel change of the Customer ID in the Settings view from PiA Android app">
<kw name="Launch PIA application" library="pia-resources">
<msg timestamp="20210825 12:50:52.607" level="TRACE">Arguments: [  ]</msg>
<kw name="Open Application" library="AppiumLibrary">
<arg>http://localhost:4723/wd/hub</arg>
<arg>platformName=Android</arg>
<arg>deviceName=${DEVICE_NAME}</arg>
<arg>app=${APP_PATH}</arg>
<arg>appPackage=${APP_PACKAGE}</arg>
<arg>appActivity=${APP_LAUNCH_ACTIVITY}</arg>
<arg>automationName=${AUTOMATION_NAME}</arg>
<doc>Opens a new application to given Appium server.
Capabilities of appium server, Android and iOS,
Please check https://github.com/appium/appium/blob/master/docs/en/writing-running-appium/server-args.md
| *Option*            | *Man.* | *Description*     |
| remote_url          | Yes    | Appium server url |
| alias               | no     | alias             |</doc>
<msg timestamp="20210825 12:50:52.609" level="TRACE">Arguments: [ 'http://localhost:4723/wd/hub' | platformName='Android' | deviceName='abc' | app='C:\\Users\\RAVI RAI\\PycharmProjects\\pythonProject\\Resources/../demoapp/pia-sdk-android-release-sample-2.4.0.apk' | appPackage='eu.nets.pia.sample' | appActivity='eu.nets.pia.sample.ui.activity.main.MainActivity' | automationName='UiAutomator2' ]</msg>
<msg timestamp="20210825 12:50:54.638" level="DEBUG">POST http://127.0.0.1:4723/wd/hub/session {"capabilities": {"firstMatch": [{"platformName": "Android", "appium:deviceName": "abc", "appium:app": "C:\\Users\\RAVI RAI\\PycharmProjects\\pythonProject\\Resources/../demoapp/pia-sdk-android-release-sample-2.4.0.apk", "appium:appPackage": "eu.nets.pia.sample", "appium:appActivity": "eu.nets.pia.sample.ui.activity.main.MainActivity", "appium:automationName": "UiAutomator2"}]}, "desiredCapabilities": {"platformName": "Android", "deviceName": "abc", "app": "C:\\Users\\RAVI RAI\\PycharmProjects\\pythonProject\\Resources/../demoapp/pia-sdk-android-release-sample-2.4.0.apk", "appPackage": "eu.nets.pia.sample", "appActivity": "eu.nets.pia.sample.ui.activity.main.MainActivity", "automationName": "UiAutomator2"}}</msg>
<msg timestamp="20210825 12:50:54.655" level="DEBUG">Starting new HTTP connection (1): 127.0.0.1:4723</msg>
<msg timestamp="20210825 12:51:10.825" level="DEBUG">http://127.0.0.1:4723 "POST /wd/hub/session HTTP/1.1" 200 1194</msg>
<msg timestamp="20210825 12:51:10.826" level="DEBUG">Finished Request</msg>
<msg timestamp="20210825 12:51:10.831" level="DEBUG">Opened application with session id 55a8fd82-8d60-4804-87b1-4b039a07e9dc</msg>
<msg timestamp="20210825 12:51:10.831" level="TRACE">Return: 1</msg>
<status status="PASS" starttime="20210825 12:50:52.608" endtime="20210825 12:51:10.831"/>
</kw>
<msg timestamp="20210825 12:51:10.831" level="TRACE">Return: None</msg>
<status status="PASS" starttime="20210825 12:50:52.607" endtime="20210825 12:51:10.831"/>
</kw>
<kw name="Sign Up In PIA Application With Customer ID" library="pia-resources">
<arg>${CUST_ID}</arg>
<msg timestamp="20210825 12:51:10.832" level="TRACE">Arguments: [ ${CUSTOMER_ID}='101' ]</msg>
<kw name="Input Text" library="AppiumLibrary">
<arg>${CUSTOMER_ID_TEXT_FIELD}</arg>
<arg>${CUSTOMER_ID}</arg>
<doc>Types the given `text` into text field identified by `locator`.</doc>
<msg timestamp="20210825 12:51:10.833" level="TRACE">Arguments: [ 'id=customer_id_et' | '101' ]</msg>
<msg timestamp="20210825 12:51:10.837" level="INFO">Typing text '101' into text field 'id=customer_id_et'</msg>
<msg timestamp="20210825 12:51:10.837" level="DEBUG">POST http://127.0.0.1:4723/wd/hub/session/55a8fd82-8d60-4804-87b1-4b039a07e9dc/elements {"using": "id", "value": "customer_id_et"}</msg>
<msg timestamp="20210825 12:51:11.310" level="DEBUG">http://127.0.0.1:4723 "POST /wd/hub/session/55a8fd82-8d60-4804-87b1-4b039a07e9dc/elements HTTP/1.1" 200 139</msg>
<msg timestamp="20210825 12:51:11.310" level="DEBUG">Finished Request</msg>
<msg timestamp="20210825 12:51:11.310" level="DEBUG">POST http://127.0.0.1:4723/wd/hub/session/55a8fd82-8d60-4804-87b1-4b039a07e9dc/element/175fb8c8-d1da-4f33-bcd2-59a8736dd46f/value {"text": "101", "value": ["1", "0", "1"], "id": "175fb8c8-d1da-4f33-bcd2-59a8736dd46f"}</msg>
<msg timestamp="20210825 12:51:11.867" level="DEBUG">http://127.0.0.1:4723 "POST /wd/hub/session/55a8fd82-8d60-4804-87b1-4b039a07e9dc/element/175fb8c8-d1da-4f33-bcd2-59a8736dd46f/value HTTP/1.1" 200 14</msg>
<msg timestamp="20210825 12:51:11.867" level="DEBUG">Finished Request</msg>
<msg timestamp="20210825 12:51:11.867" level="TRACE">Return: None</msg>
<status status="PASS" starttime="20210825 12:51:10.833" endtime="20210825 12:51:11.867"/>
</kw>
<kw name="Click Element" library="AppiumLibrary">
<arg>${SIGN_UP_BUTTON}</arg>
<doc>Click element identified by `locator`.</doc>
<msg timestamp="20210825 12:51:11.868" level="TRACE">Arguments: [ 'id=sign_up_btn' ]</msg>
<msg timestamp="20210825 12:51:11.871" level="INFO">Clicking element 'id=sign_up_btn'.</msg>
<msg timestamp="20210825 12:51:11.871" level="DEBUG">POST http://127.0.0.1:4723/wd/hub/session/55a8fd82-8d60-4804-87b1-4b039a07e9dc/elements {"using": "id", "value": "sign_up_btn"}</msg>
<msg timestamp="20210825 12:51:12.484" level="DEBUG">http://127.0.0.1:4723 "POST /wd/hub/session/55a8fd82-8d60-4804-87b1-4b039a07e9dc/elements HTTP/1.1" 200 139</msg>
<msg timestamp="20210825 12:51:12.485" level="DEBUG">Finished Request</msg>
<msg timestamp="20210825 12:51:12.485" level="DEBUG">POST http://127.0.0.1:4723/wd/hub/session/55a8fd82-8d60-4804-87b1-4b039a07e9dc/element/7e3b1fd7-f2bd-4b21-93a6-70f276f538a5/click {"id": "7e3b1fd7-f2bd-4b21-93a6-70f276f538a5"}</msg>
<msg timestamp="20210825 12:51:12.552" level="DEBUG">http://127.0.0.1:4723 "POST /wd/hub/session/55a8fd82-8d60-4804-87b1-4b039a07e9dc/element/7e3b1fd7-f2bd-4b21-93a6-70f276f538a5/click HTTP/1.1" 200 14</msg>
<msg timestamp="20210825 12:51:12.552" level="DEBUG">Finished Request</msg>
<msg timestamp="20210825 12:51:12.552" level="TRACE">Return: None</msg>
<status status="PASS" starttime="20210825 12:51:11.868" endtime="20210825 12:51:12.552"/>
</kw>
<msg timestamp="20210825 12:51:12.552" level="TRACE">Return: None</msg>
<status status="PASS" starttime="20210825 12:51:10.832" endtime="20210825 12:51:12.552"/>
</kw>
<kw name="Dismiss The Environment Description Alert" library="pia-resources">
<msg timestamp="20210825 12:51:12.553" level="TRACE">Arguments: [  ]</msg>
<kw name="Run Keyword And Return Status" library="BuiltIn">
<var>${ALERT}</var>
<arg>wait until element is visible</arg>
<arg>${OK_BUTTON}</arg>
<doc>Runs the given keyword with given arguments and returns the status as a Boolean value.</doc>
<msg timestamp="20210825 12:51:12.554" level="TRACE">Arguments: [ 'wait until element is visible' | '${OK_BUTTON}' ]</msg>
<kw name="Wait Until Element Is Visible" library="AppiumLibrary">
<arg>${OK_BUTTON}</arg>
<doc>Waits until element specified with `locator` is visible.</doc>
<msg timestamp="20210825 12:51:12.554" level="TRACE">Arguments: [ "xpath=//*[contains(@text,'OK')]" ]</msg>
<msg timestamp="20210825 12:51:12.554" level="DEBUG">POST http://127.0.0.1:4723/wd/hub/session/55a8fd82-8d60-4804-87b1-4b039a07e9dc/elements {"using": "xpath", "value": "//*[contains(@text,'OK')]"}</msg>
<msg timestamp="20210825 12:51:13.499" level="DEBUG">http://127.0.0.1:4723 "POST /wd/hub/session/55a8fd82-8d60-4804-87b1-4b039a07e9dc/elements HTTP/1.1" 200 12</msg>
<msg timestamp="20210825 12:51:13.500" level="DEBUG">Finished Request</msg>
<msg timestamp="20210825 12:51:13.702" level="DEBUG">POST http://127.0.0.1:4723/wd/hub/session/55a8fd82-8d60-4804-87b1-4b039a07e9dc/elements {"using": "xpath", "value": "//*[contains(@text,'OK')]"}</msg>
<msg timestamp="20210825 12:51:13.799" level="DEBUG">http://127.0.0.1:4723 "POST /wd/hub/session/55a8fd82-8d60-4804-87b1-4b039a07e9dc/elements HTTP/1.1" 200 12</msg>
<msg timestamp="20210825 12:51:13.799" level="DEBUG">Finished Request</msg>
<msg timestamp="20210825 12:51:14.012" level="DEBUG">POST http://127.0.0.1:4723/wd/hub/session/55a8fd82-8d60-4804-87b1-4b039a07e9dc/elements {"using": "xpath", "value": "//*[contains(@text,'OK')]"}</msg>
<msg timestamp="20210825 12:51:14.102" level="DEBUG">http://127.0.0.1:4723 "POST /wd/hub/session/55a8fd82-8d60-4804-87b1-4b039a07e9dc/elements HTTP/1.1" 200 12</msg>
<msg timestamp="20210825 12:51:14.103" level="DEBUG">Finished Request</msg>
<msg timestamp="20210825 12:51:14.317" level="DEBUG">POST http://127.0.0.1:4723/wd/hub/session/55a8fd82-8d60-4804-87b1-4b039a07e9dc/elements {"using": "xpath", "value": "//*[contains(@text,'OK')]"}</msg>
<msg timestamp="20210825 12:51:14.422" level="DEBUG">http://127.0.0.1:4723 "POST /wd/hub/session/55a8fd82-8d60-4804-87b1-4b039a07e9dc/elements HTTP/1.1" 200 12</msg>
<msg timestamp="20210825 12:51:14.423" level="DEBUG">Finished Request</msg>
<msg timestamp="20210825 12:51:14.625" level="DEBUG">POST http://127.0.0.1:4723/wd/hub/session/55a8fd82-8d60-4804-87b1-4b039a07e9dc/elements {"using": "xpath", "value": "//*[contains(@text,'OK')]"}</msg>
<msg timestamp="20210825 12:51:14.708" level="DEBUG">http://127.0.0.1:4723 "POST /wd/hub/session/55a8fd82-8d60-4804-87b1-4b039a07e9dc/elements HTTP/1.1" 200 12</msg>
<msg timestamp="20210825 12:51:14.709" level="DEBUG">Finished Request</msg>
<msg timestamp="20210825 12:51:14.911" level="DEBUG">POST http://127.0.0.1:4723/wd/hub/session/55a8fd82-8d60-4804-87b1-4b039a07e9dc/elements {"using": "xpath", "value": "//*[contains(@text,'OK')]"}</msg>
<msg timestamp="20210825 12:51:15.003" level="DEBUG">http://127.0.0.1:4723 "POST /wd/hub/session/55a8fd82-8d60-4804-87b1-4b039a07e9dc/elements HTTP/1.1" 200 12</msg>
<msg timestamp="20210825 12:51:15.003" level="DEBUG">Finished Request</msg>
<msg timestamp="20210825 12:51:15.205" level="DEBUG">POST http://127.0.0.1:4723/wd/hub/session/55a8fd82-8d60-4804-87b1-4b039a07e9dc/elements {"using": "xpath", "value": "//*[contains(@text,'OK')]"}</msg>
<msg timestamp="20210825 12:51:15.285" level="DEBUG">http://127.0.0.1:4723 "POST /wd/hub/session/55a8fd82-8d60-4804-87b1-4b039a07e9dc/elements HTTP/1.1" 200 12</msg>
<msg timestamp="20210825 12:51:15.285" level="DEBUG">Finished Request</msg>
<msg timestamp="20210825 12:51:15.487" level="DEBUG">POST http://127.0.0.1:4723/wd/hub/session/55a8fd82-8d60-4804-87b1-4b039a07e9dc/elements {"using": "xpath", "value": "//*[contains(@text,'OK')]"}</msg>
<msg timestamp="20210825 12:51:15.571" level="DEBUG">http://127.0.0.1:4723 "POST /wd/hub/session/55a8fd82-8d60-4804-87b1-4b039a07e9dc/elements HTTP/1.1" 200 12</msg>
<msg timestamp="20210825 12:51:15.572" level="DEBUG">Finished Request</msg>
<msg timestamp="20210825 12:51:15.782" level="DEBUG">POST http://127.0.0.1:4723/wd/hub/session/55a8fd82-8d60-4804-87b1-4b039a07e9dc/elements {"using": "xpath", "value": "//*[contains(@text,'OK')]"}</msg>
<msg timestamp="20210825 12:51:15.858" level="DEBUG">http://127.0.0.1:4723 "POST /wd/hub/session/55a8fd82-8d60-4804-87b1-4b039a07e9dc/elements HTTP/1.1" 200 12</msg>
<msg timestamp="20210825 12:51:15.858" level="DEBUG">Finished Request</msg>
<msg timestamp="20210825 12:51:16.073" level="DEBUG">POST http://127.0.0.1:4723/wd/hub/session/55a8fd82-8d60-4804-87b1-4b039a07e9dc/elements {"using": "xpath", "value": "//*[contains(@text,'OK')]"}</msg>
<msg timestamp="20210825 12:51:16.158" level="DEBUG">http://127.0.0.1:4723 "POST /wd/hub/session/55a8fd82-8d60-4804-87b1-4b039a07e9dc/elements HTTP/1.1" 200 12</msg>
<msg timestamp="20210825 12:51:16.159" level="DEBUG">Finished Request</msg>
<msg timestamp="20210825 12:51:16.366" level="DEBUG">POST http://127.0.0.1:4723/wd/hub/session/55a8fd82-8d60-4804-87b1-4b039a07e9dc/elements {"using": "xpath", "value": "//*[contains(@text,'OK')]"}</msg>
<msg timestamp="20210825 12:51:16.783" level="DEBUG">http://127.0.0.1:4723 "POST /wd/hub/session/55a8fd82-8d60-4804-87b1-4b039a07e9dc/elements HTTP/1.1" 200 12</msg>
<msg timestamp="20210825 12:51:16.784" level="DEBUG">Finished Request</msg>
<msg timestamp="20210825 12:51:16.984" level="DEBUG">POST http://127.0.0.1:4723/wd/hub/session/55a8fd82-8d60-4804-87b1-4b039a07e9dc/elements {"using": "xpath", "value": "//*[contains(@text,'OK')]"}</msg>
<msg timestamp="20210825 12:51:17.097" level="DEBUG">http://127.0.0.1:4723 "POST /wd/hub/session/55a8fd82-8d60-4804-87b1-4b039a07e9dc/elements HTTP/1.1" 200 12</msg>
<msg timestamp="20210825 12:51:17.098" level="DEBUG">Finished Request</msg>
<msg timestamp="20210825 12:51:17.309" level="DEBUG">POST http://127.0.0.1:4723/wd/hub/session/55a8fd82-8d60-4804-87b1-4b039a07e9dc/elements {"using": "xpath", "value": "//*[contains(@text,'OK')]"}</msg>
<msg timestamp="20210825 12:51:17.415" level="DEBUG">http://127.0.0.1:4723 "POST /wd/hub/session/55a8fd82-8d60-4804-87b1-4b039a07e9dc/elements HTTP/1.1" 200 12</msg>
<msg timestamp="20210825 12:51:17.416" level="DEBUG">Finished Request</msg>
<msg timestamp="20210825 12:51:17.617" level="DEBUG">POST http://127.0.0.1:4723/wd/hub/session/55a8fd82-8d60-4804-87b1-4b039a07e9dc/elements {"using": "xpath", "value": "//*[contains(@text,'OK')]"}</msg>
<msg timestamp="20210825 12:51:17.725" level="DEBUG">http://127.0.0.1:4723 "POST /wd/hub/session/55a8fd82-8d60-4804-87b1-4b039a07e9dc/elements HTTP/1.1" 200 12</msg>
<msg timestamp="20210825 12:51:17.725" level="DEBUG">Finished Request</msg>
<msg timestamp="20210825 12:51:17.928" level="DEBUG">POST http://127.0.0.1:4723/wd/hub/session/55a8fd82-8d60-4804-87b1-4b039a07e9dc/elements {"using": "xpath", "value": "//*[contains(@text,'OK')]"}</msg>
<msg timestamp="20210825 12:51:18.128" level="DEBUG">http://127.0.0.1:4723 "POST /wd/hub/session/55a8fd82-8d60-4804-87b1-4b039a07e9dc/elements HTTP/1.1" 200 12</msg>
<msg timestamp="20210825 12:51:18.128" level="DEBUG">Finished Request</msg>
<msg timestamp="20210825 12:51:18.343" level="DEBUG">POST http://127.0.0.1:4723/wd/hub/session/55a8fd82-8d60-4804-87b1-4b039a07e9dc/elements {"using": "xpath", "value": "//*[contains(@text,'OK')]"}</msg>
<msg timestamp="20210825 12:51:18.549" level="DEBUG">http://127.0.0.1:4723 "POST /wd/hub/session/55a8fd82-8d60-4804-87b1-4b039a07e9dc/elements HTTP/1.1" 200 12</msg>
<msg timestamp="20210825 12:51:18.549" level="DEBUG">Finished Request</msg>
<msg timestamp="20210825 12:51:18.757" level="DEBUG">POST http://127.0.0.1:4723/wd/hub/session/55a8fd82-8d60-4804-87b1-4b039a07e9dc/elements {"using": "xpath", "value": "//*[contains(@text,'OK')]"}</msg>
<msg timestamp="20210825 12:51:18.965" level="DEBUG">http://127.0.0.1:4723 "POST /wd/hub/session/55a8fd82-8d60-4804-87b1-4b039a07e9dc/elements HTTP/1.1" 200 12</msg>
<msg timestamp="20210825 12:51:18.966" level="DEBUG">Finished Request</msg>
<msg timestamp="20210825 12:51:19.174" level="DEBUG">POST http://127.0.0.1:4723/wd/hub/session/55a8fd82-8d60-4804-87b1-4b039a07e9dc/elements {"using": "xpath", "value": "//*[contains(@text,'OK')]"}</msg>
<msg timestamp="20210825 12:51:19.500" level="DEBUG">http://127.0.0.1:4723 "POST /wd/hub/session/55a8fd82-8d60-4804-87b1-4b039a07e9dc/elements HTTP/1.1" 200 12</msg>
<msg timestamp="20210825 12:51:19.501" level="DEBUG">Finished Request</msg>
<msg timestamp="20210825 12:51:19.714" level="DEBUG">POST http://127.0.0.1:4723/wd/hub/session/55a8fd82-8d60-4804-87b1-4b039a07e9dc/elements {"using": "xpath", "value": "//*[contains(@text,'OK')]"}</msg>
<msg timestamp="20210825 12:51:19.931" level="DEBUG">http://127.0.0.1:4723 "POST /wd/hub/session/55a8fd82-8d60-4804-87b1-4b039a07e9dc/elements HTTP/1.1" 200 12</msg>
<msg timestamp="20210825 12:51:19.932" level="DEBUG">Finished Request</msg>
<msg timestamp="20210825 12:51:20.146" level="DEBUG">POST http://127.0.0.1:4723/wd/hub/session/55a8fd82-8d60-4804-87b1-4b039a07e9dc/elements {"using": "xpath", "value": "//*[contains(@text,'OK')]"}</msg>
<msg timestamp="20210825 12:51:20.358" level="DEBUG">http://127.0.0.1:4723 "POST /wd/hub/session/55a8fd82-8d60-4804-87b1-4b039a07e9dc/elements HTTP/1.1" 200 12</msg>
<msg timestamp="20210825 12:51:20.359" level="DEBUG">Finished Request</msg>
<msg timestamp="20210825 12:51:20.561" level="DEBUG">POST http://127.0.0.1:4723/wd/hub/session/55a8fd82-8d60-4804-87b1-4b039a07e9dc/elements {"using": "xpath", "value": "//*[contains(@text,'OK')]"}</msg>
<msg timestamp="20210825 12:51:20.773" level="DEBUG">http://127.0.0.1:4723 "POST /wd/hub/session/55a8fd82-8d60-4804-87b1-4b039a07e9dc/elements HTTP/1.1" 200 12</msg>
<msg timestamp="20210825 12:51:20.774" level="DEBUG">Finished Request</msg>
<msg timestamp="20210825 12:51:20.982" level="DEBUG">POST http://127.0.0.1:4723/wd/hub/session/55a8fd82-8d60-4804-87b1-4b039a07e9dc/elements {"using": "xpath", "value": "//*[contains(@text,'OK')]"}</msg>
<msg timestamp="20210825 12:51:21.167" level="DEBUG">http://127.0.0.1:4723 "POST /wd/hub/session/55a8fd82-8d60-4804-87b1-4b039a07e9dc/elements HTTP/1.1" 200 12</msg>
<msg timestamp="20210825 12:51:21.168" level="DEBUG">Finished Request</msg>
<msg timestamp="20210825 12:51:21.369" level="DEBUG">POST http://127.0.0.1:4723/wd/hub/session/55a8fd82-8d60-4804-87b1-4b039a07e9dc/elements {"using": "xpath", "value": "//*[contains(@text,'OK')]"}</msg>
<msg timestamp="20210825 12:51:21.569" level="DEBUG">http://127.0.0.1:4723 "POST /wd/hub/session/55a8fd82-8d60-4804-87b1-4b039a07e9dc/elements HTTP/1.1" 200 12</msg>
<msg timestamp="20210825 12:51:21.570" level="DEBUG">Finished Request</msg>
<msg timestamp="20210825 12:51:21.783" level="DEBUG">POST http://127.0.0.1:4723/wd/hub/session/55a8fd82-8d60-4804-87b1-4b039a07e9dc/elements {"using": "xpath", "value": "//*[contains(@text,'OK')]"}</msg>
<msg timestamp="20210825 12:51:21.987" level="DEBUG">http://127.0.0.1:4723 "POST /wd/hub/session/55a8fd82-8d60-4804-87b1-4b039a07e9dc/elements HTTP/1.1" 200 12</msg>
<msg timestamp="20210825 12:51:21.988" level="DEBUG">Finished Request</msg>
<msg timestamp="20210825 12:51:22.200" level="DEBUG">POST http://127.0.0.1:4723/wd/hub/session/55a8fd82-8d60-4804-87b1-4b039a07e9dc/elements {"using": "xpath", "value": "//*[contains(@text,'OK')]"}</msg>
<msg timestamp="20210825 12:51:22.397" level="DEBUG">http://127.0.0.1:4723 "POST /wd/hub/session/55a8fd82-8d60-4804-87b1-4b039a07e9dc/elements HTTP/1.1" 200 12</msg>
<msg timestamp="20210825 12:51:22.398" level="DEBUG">Finished Request</msg>
<msg timestamp="20210825 12:51:22.613" level="DEBUG">POST http://127.0.0.1:4723/wd/hub/session/55a8fd82-8d60-4804-87b1-4b039a07e9dc/elements {"using": "xpath", "value": "//*[contains(@text,'OK')]"}</msg>
<msg timestamp="20210825 12:51:22.809" level="DEBUG">http://127.0.0.1:4723 "POST /wd/hub/session/55a8fd82-8d60-4804-87b1-4b039a07e9dc/elements HTTP/1.1" 200 12</msg>
<msg timestamp="20210825 12:51:22.810" level="DEBUG">Finished Request</msg>
<kw name="Capture Page Screenshot" library="AppiumLibrary">
<doc>Takes a screenshot of the current page and embeds it into the log.</doc>
<msg timestamp="20210825 12:51:22.996" level="TRACE">Arguments: [  ]</msg>
<msg timestamp="20210825 12:51:22.997" level="DEBUG">GET http://127.0.0.1:4723/wd/hub/session/55a8fd82-8d60-4804-87b1-4b039a07e9dc/screenshot {}</msg>
<msg timestamp="20210825 12:51:24.503" level="DEBUG">http://127.0.0.1:4723 "GET /wd/hub/session/55a8fd82-8d60-4804-87b1-4b039a07e9dc/screenshot HTTP/1.1" 200 767972</msg>
<msg timestamp="20210825 12:51:24.508" level="DEBUG">Finished Request</msg>
<msg timestamp="20210825 12:51:24.513" level="INFO" html="true">&lt;/td&gt;&lt;/tr&gt;&lt;tr&gt;&lt;td colspan="3"&gt;&lt;a href="appium-screenshot-1.png"&gt;&lt;img src="appium-screenshot-1.png" width="800px"&gt;&lt;/a&gt;</msg>
<msg timestamp="20210825 12:51:24.514" level="TRACE">Return: 'C:\\Users\\RAVI RAI\\PycharmProjects\\pythonProject\\Output\\appium-screenshot-1.png'</msg>
<status status="PASS" starttime="20210825 12:51:22.996" endtime="20210825 12:51:24.514"/>
</kw>
<msg timestamp="20210825 12:51:24.516" level="FAIL">Element locator 'xpath=//*[contains(@text,'OK')]' did not match any elements after 10 seconds</msg>
<msg timestamp="20210825 12:51:24.516" level="DEBUG">Traceback (most recent call last):
  File "c:\users\ravi rai\pycharmprojects\pythonproject\venv\lib\site-packages\decorator.py", line 232, in fun
    return caller(func, *(extras + args), **kw)
  File "c:\users\ravi rai\pycharmprojects\pythonproject\venv\lib\site-packages\AppiumLibrary\keywords\keywordgroup.py", line 21, in _run_on_failure_decorator
    raise err
  File "c:\users\ravi rai\pycharmprojects\pythonproject\venv\lib\site-packages\AppiumLibrary\keywords\keywordgroup.py", line 16, in _run_on_failure_decorator
    return method(*args, **kwargs)
  File "c:\users\ravi rai\pycharmprojects\pythonproject\venv\lib\site-packages\AppiumLibrary\keywords\_waiting.py", line 28, in wait_until_element_is_visible
    self._wait_until_no_error(timeout, check_visibility)
  File "c:\users\ravi rai\pycharmprojects\pythonproject\venv\lib\site-packages\AppiumLibrary\keywords\_waiting.py", line 133, in _wait_until_no_error
    raise AssertionError(timeout_error)</msg>
<status status="FAIL" starttime="20210825 12:51:12.554" endtime="20210825 12:51:24.516"/>
</kw>
<msg timestamp="20210825 12:51:24.516" level="TRACE">Return: False</msg>
<msg timestamp="20210825 12:51:24.516" level="INFO">${ALERT} = False</msg>
<status status="PASS" starttime="20210825 12:51:12.553" endtime="20210825 12:51:24.516"/>
</kw>
<kw name="Run Keyword If" library="BuiltIn">
<arg>'${ALERT}'=='True'</arg>
<arg>click element</arg>
<arg>${OK_BUTTON}</arg>
<doc>Runs the given keyword with the given arguments, if ``condition`` is true.</doc>
<msg timestamp="20210825 12:51:24.517" level="TRACE">Arguments: [ "'False'=='True'" | 'click element' | '${OK_BUTTON}' ]</msg>
<msg timestamp="20210825 12:51:24.517" level="TRACE">Return: None</msg>
<status status="PASS" starttime="20210825 12:51:24.517" endtime="20210825 12:51:24.517"/>
</kw>
<msg timestamp="20210825 12:51:24.518" level="TRACE">Return: None</msg>
<status status="PASS" starttime="20210825 12:51:12.553" endtime="20210825 12:51:24.518"/>
</kw>
<kw name="Check Whether Checkout View For Purchasing Ligntning Cable Is Presented" library="pia-resources">
<msg timestamp="20210825 12:51:24.525" level="TRACE">Arguments: [  ]</msg>
<kw name="Wait Until Element Is Visible" library="AppiumLibrary">
<arg>${BUY_BUTTON}</arg>
<doc>Waits until element specified with `locator` is visible.</doc>
<msg timestamp="20210825 12:51:24.526" level="TRACE">Arguments: [ 'id=payment_btn' ]</msg>
<msg timestamp="20210825 12:51:24.526" level="DEBUG">POST http://127.0.0.1:4723/wd/hub/session/55a8fd82-8d60-4804-87b1-4b039a07e9dc/elements {"using": "id", "value": "payment_btn"}</msg>
<msg timestamp="20210825 12:51:24.626" level="DEBUG">http://127.0.0.1:4723 "POST /wd/hub/session/55a8fd82-8d60-4804-87b1-4b039a07e9dc/elements HTTP/1.1" 200 139</msg>
<msg timestamp="20210825 12:51:24.627" level="DEBUG">Finished Request</msg>
<msg timestamp="20210825 12:51:24.627" level="DEBUG">GET http://127.0.0.1:4723/wd/hub/session/55a8fd82-8d60-4804-87b1-4b039a07e9dc/element/84104c2c-966c-456e-b1f5-2c4e1028eb45/displayed {"id": "84104c2c-966c-456e-b1f5-2c4e1028eb45"}</msg>
<msg timestamp="20210825 12:51:24.673" level="DEBUG">http://127.0.0.1:4723 "GET /wd/hub/session/55a8fd82-8d60-4804-87b1-4b039a07e9dc/element/84104c2c-966c-456e-b1f5-2c4e1028eb45/displayed HTTP/1.1" 200 14</msg>
<msg timestamp="20210825 12:51:24.673" level="DEBUG">Finished Request</msg>
<msg timestamp="20210825 12:51:24.673" level="TRACE">Return: None</msg>
<status status="PASS" starttime="20210825 12:51:24.525" endtime="20210825 12:51:24.673"/>
</kw>
<msg timestamp="20210825 12:51:24.674" level="TRACE">Return: None</msg>
<status status="PASS" starttime="20210825 12:51:24.524" endtime="20210825 12:51:24.674"/>
</kw>
<kw name="Go To Settings Screen" library="pia-resources">
<msg timestamp="20210825 12:51:24.675" level="TRACE">Arguments: [  ]</msg>
<kw name="Click Element" library="AppiumLibrary">
<arg>${SETTINGS_BUTTON}</arg>
<doc>Click element identified by `locator`.</doc>
<msg timestamp="20210825 12:51:24.675" level="TRACE">Arguments: [ 'id=settings_item' ]</msg>
<msg timestamp="20210825 12:51:24.678" level="INFO">Clicking element 'id=settings_item'.</msg>
<msg timestamp="20210825 12:51:24.678" level="DEBUG">POST http://127.0.0.1:4723/wd/hub/session/55a8fd82-8d60-4804-87b1-4b039a07e9dc/elements {"using": "id", "value": "settings_item"}</msg>
<msg timestamp="20210825 12:51:24.760" level="DEBUG">http://127.0.0.1:4723 "POST /wd/hub/session/55a8fd82-8d60-4804-87b1-4b039a07e9dc/elements HTTP/1.1" 200 139</msg>
<msg timestamp="20210825 12:51:24.761" level="DEBUG">Finished Request</msg>
<msg timestamp="20210825 12:51:24.761" level="DEBUG">POST http://127.0.0.1:4723/wd/hub/session/55a8fd82-8d60-4804-87b1-4b039a07e9dc/element/5ccc0046-796f-4428-b5b6-bb6e62f4987f/click {"id": "5ccc0046-796f-4428-b5b6-bb6e62f4987f"}</msg>
<msg timestamp="20210825 12:51:24.841" level="DEBUG">http://127.0.0.1:4723 "POST /wd/hub/session/55a8fd82-8d60-4804-87b1-4b039a07e9dc/element/5ccc0046-796f-4428-b5b6-bb6e62f4987f/click HTTP/1.1" 200 14</msg>
<msg timestamp="20210825 12:51:24.841" level="DEBUG">Finished Request</msg>
<msg timestamp="20210825 12:51:24.841" level="TRACE">Return: None</msg>
<status status="PASS" starttime="20210825 12:51:24.675" endtime="20210825 12:51:24.841"/>
</kw>
<kw name="Wait Until Element Is Visible" library="AppiumLibrary">
<arg>${CHANGE_CUSTOMER_ID_LABEL}</arg>
<doc>Waits until element specified with `locator` is visible.</doc>
<msg timestamp="20210825 12:51:24.842" level="TRACE">Arguments: [ 'id=change_customer_id' ]</msg>
<msg timestamp="20210825 12:51:24.842" level="DEBUG">POST http://127.0.0.1:4723/wd/hub/session/55a8fd82-8d60-4804-87b1-4b039a07e9dc/elements {"using": "id", "value": "change_customer_id"}</msg>
<msg timestamp="20210825 12:51:25.824" level="DEBUG">http://127.0.0.1:4723 "POST /wd/hub/session/55a8fd82-8d60-4804-87b1-4b039a07e9dc/elements HTTP/1.1" 200 139</msg>
<msg timestamp="20210825 12:51:25.824" level="DEBUG">Finished Request</msg>
<msg timestamp="20210825 12:51:25.824" level="DEBUG">GET http://127.0.0.1:4723/wd/hub/session/55a8fd82-8d60-4804-87b1-4b039a07e9dc/element/6890f6a1-a2da-4548-96c2-f891217efb7f/displayed {"id": "6890f6a1-a2da-4548-96c2-f891217efb7f"}</msg>
<msg timestamp="20210825 12:51:25.852" level="DEBUG">http://127.0.0.1:4723 "GET /wd/hub/session/55a8fd82-8d60-4804-87b1-4b039a07e9dc/element/6890f6a1-a2da-4548-96c2-f891217efb7f/displayed HTTP/1.1" 200 14</msg>
<msg timestamp="20210825 12:51:25.853" level="DEBUG">Finished Request</msg>
<msg timestamp="20210825 12:51:25.853" level="TRACE">Return: None</msg>
<status status="PASS" starttime="20210825 12:51:24.842" endtime="20210825 12:51:25.853"/>
</kw>
<msg timestamp="20210825 12:51:25.853" level="TRACE">Return: None</msg>
<status status="PASS" starttime="20210825 12:51:24.674" endtime="20210825 12:51:25.853"/>
</kw>
<kw name="Assert Customer ID Is Displayed On the Settings Screen" library="pia-resources">
<arg>${CUST_ID}</arg>
<msg timestamp="20210825 12:51:25.854" level="TRACE">Arguments: [ ${CUSTOMER_ID}='101' ]</msg>
<kw name="Element Should Contain Text" library="AppiumLibrary">
<arg>${CUSTOMER_ID_LABEL}</arg>
<arg>${CUSTOMER_ID}</arg>
<doc>Verifies element identified by ``locator`` contains text ``expected``.</doc>
<msg timestamp="20210825 12:51:25.855" level="TRACE">Arguments: [ 'id=customer_id_label' | '101' ]</msg>
<msg timestamp="20210825 12:51:25.857" level="INFO">Verifying element 'id=customer_id_label' contains text '101'.</msg>
<msg timestamp="20210825 12:51:25.857" level="DEBUG">POST http://127.0.0.1:4723/wd/hub/session/55a8fd82-8d60-4804-87b1-4b039a07e9dc/elements {"using": "id", "value": "customer_id_label"}</msg>
<msg timestamp="20210825 12:51:25.939" level="DEBUG">http://127.0.0.1:4723 "POST /wd/hub/session/55a8fd82-8d60-4804-87b1-4b039a07e9dc/elements HTTP/1.1" 200 139</msg>
<msg timestamp="20210825 12:51:25.940" level="DEBUG">Finished Request</msg>
<msg timestamp="20210825 12:51:25.940" level="DEBUG">GET http://127.0.0.1:4723/wd/hub/session/55a8fd82-8d60-4804-87b1-4b039a07e9dc/element/10f0fa0b-94ae-4843-ac58-576e0af25487/text {"id": "10f0fa0b-94ae-4843-ac58-576e0af25487"}</msg>
<msg timestamp="20210825 12:51:25.966" level="DEBUG">http://127.0.0.1:4723 "GET /wd/hub/session/55a8fd82-8d60-4804-87b1-4b039a07e9dc/element/10f0fa0b-94ae-4843-ac58-576e0af25487/text HTTP/1.1" 200 69</msg>
<msg timestamp="20210825 12:51:25.967" level="DEBUG">Finished Request</msg>
<msg timestamp="20210825 12:51:25.967" level="TRACE">Return: None</msg>
<status status="PASS" starttime="20210825 12:51:25.855" endtime="20210825 12:51:25.967"/>
</kw>
<msg timestamp="20210825 12:51:25.967" level="TRACE">Return: None</msg>
<status status="PASS" starttime="20210825 12:51:25.854" endtime="20210825 12:51:25.967"/>
</kw>
<kw name="Cancel Edit Customer ID On Settings Screen" library="pia-resources">
<arg>${CUST_ID}</arg>
<msg timestamp="20210825 12:51:25.969" level="TRACE">Arguments: [ ${CUSTOMER_ID}='101' ]</msg>
<kw name="Click Element" library="AppiumLibrary">
<arg>${CHANGE_CUSTOMER_ID_LABEL}</arg>
<doc>Click element identified by `locator`.</doc>
<msg timestamp="20210825 12:51:25.970" level="TRACE">Arguments: [ 'id=change_customer_id' ]</msg>
<msg timestamp="20210825 12:51:25.972" level="INFO">Clicking element 'id=change_customer_id'.</msg>
<msg timestamp="20210825 12:51:25.972" level="DEBUG">POST http://127.0.0.1:4723/wd/hub/session/55a8fd82-8d60-4804-87b1-4b039a07e9dc/elements {"using": "id", "value": "change_customer_id"}</msg>
<msg timestamp="20210825 12:51:26.055" level="DEBUG">http://127.0.0.1:4723 "POST /wd/hub/session/55a8fd82-8d60-4804-87b1-4b039a07e9dc/elements HTTP/1.1" 200 139</msg>
<msg timestamp="20210825 12:51:26.055" level="DEBUG">Finished Request</msg>
<msg timestamp="20210825 12:51:26.056" level="DEBUG">POST http://127.0.0.1:4723/wd/hub/session/55a8fd82-8d60-4804-87b1-4b039a07e9dc/element/e0dca989-a607-4bdb-8909-720d4ef83e68/click {"id": "e0dca989-a607-4bdb-8909-720d4ef83e68"}</msg>
<msg timestamp="20210825 12:51:26.120" level="DEBUG">http://127.0.0.1:4723 "POST /wd/hub/session/55a8fd82-8d60-4804-87b1-4b039a07e9dc/element/e0dca989-a607-4bdb-8909-720d4ef83e68/click HTTP/1.1" 200 14</msg>
<msg timestamp="20210825 12:51:26.121" level="DEBUG">Finished Request</msg>
<msg timestamp="20210825 12:51:26.121" level="TRACE">Return: None</msg>
<status status="PASS" starttime="20210825 12:51:25.969" endtime="20210825 12:51:26.121"/>
</kw>
<kw name="Wait Until Element Is Visible" library="AppiumLibrary">
<arg>${EDIT_CUSTOMER_ID_ALERT}</arg>
<doc>Waits until element specified with `locator` is visible.</doc>
<msg timestamp="20210825 12:51:26.122" level="TRACE">Arguments: [ 'id=alertTitle' ]</msg>
<msg timestamp="20210825 12:51:26.122" level="DEBUG">POST http://127.0.0.1:4723/wd/hub/session/55a8fd82-8d60-4804-87b1-4b039a07e9dc/elements {"using": "id", "value": "alertTitle"}</msg>
<msg timestamp="20210825 12:51:26.238" level="DEBUG">http://127.0.0.1:4723 "POST /wd/hub/session/55a8fd82-8d60-4804-87b1-4b039a07e9dc/elements HTTP/1.1" 200 12</msg>
<msg timestamp="20210825 12:51:26.239" level="DEBUG">Finished Request</msg>
<msg timestamp="20210825 12:51:26.451" level="DEBUG">POST http://127.0.0.1:4723/wd/hub/session/55a8fd82-8d60-4804-87b1-4b039a07e9dc/elements {"using": "id", "value": "alertTitle"}</msg>
<msg timestamp="20210825 12:51:26.816" level="DEBUG">http://127.0.0.1:4723 "POST /wd/hub/session/55a8fd82-8d60-4804-87b1-4b039a07e9dc/elements HTTP/1.1" 200 139</msg>
<msg timestamp="20210825 12:51:26.817" level="DEBUG">Finished Request</msg>
<msg timestamp="20210825 12:51:26.817" level="DEBUG">GET http://127.0.0.1:4723/wd/hub/session/55a8fd82-8d60-4804-87b1-4b039a07e9dc/element/cf6b4202-6eb9-4c9e-9a68-5e04c0c686db/displayed {"id": "cf6b4202-6eb9-4c9e-9a68-5e04c0c686db"}</msg>
<msg timestamp="20210825 12:51:26.876" level="DEBUG">http://127.0.0.1:4723 "GET /wd/hub/session/55a8fd82-8d60-4804-87b1-4b039a07e9dc/element/cf6b4202-6eb9-4c9e-9a68-5e04c0c686db/displayed HTTP/1.1" 200 14</msg>
<msg timestamp="20210825 12:51:26.877" level="DEBUG">Finished Request</msg>
<msg timestamp="20210825 12:51:26.877" level="TRACE">Return: None</msg>
<status status="PASS" starttime="20210825 12:51:26.121" endtime="20210825 12:51:26.877"/>
</kw>
<kw name="Element Should Contain Text" library="AppiumLibrary">
<arg>${EDIT_CUSTOMER_ID_ALERT}</arg>
<arg>${EDIT_CUST_ALERT_TEXT}</arg>
<doc>Verifies element identified by ``locator`` contains text ``expected``.</doc>
<msg timestamp="20210825 12:51:26.878" level="TRACE">Arguments: [ 'id=alertTitle' | 'New Customer ID' ]</msg>
<msg timestamp="20210825 12:51:26.880" level="INFO">Verifying element 'id=alertTitle' contains text 'New Customer ID'.</msg>
<msg timestamp="20210825 12:51:26.880" level="DEBUG">POST http://127.0.0.1:4723/wd/hub/session/55a8fd82-8d60-4804-87b1-4b039a07e9dc/elements {"using": "id", "value": "alertTitle"}</msg>
<msg timestamp="20210825 12:51:26.941" level="DEBUG">http://127.0.0.1:4723 "POST /wd/hub/session/55a8fd82-8d60-4804-87b1-4b039a07e9dc/elements HTTP/1.1" 200 139</msg>
<msg timestamp="20210825 12:51:26.942" level="DEBUG">Finished Request</msg>
<msg timestamp="20210825 12:51:26.942" level="DEBUG">GET http://127.0.0.1:4723/wd/hub/session/55a8fd82-8d60-4804-87b1-4b039a07e9dc/element/fc6c116e-2410-4e8b-a5d6-94f1f783bfdb/text {"id": "fc6c116e-2410-4e8b-a5d6-94f1f783bfdb"}</msg>
<msg timestamp="20210825 12:51:26.977" level="DEBUG">http://127.0.0.1:4723 "GET /wd/hub/session/55a8fd82-8d60-4804-87b1-4b039a07e9dc/element/fc6c116e-2410-4e8b-a5d6-94f1f783bfdb/text HTTP/1.1" 200 78</msg>
<msg timestamp="20210825 12:51:26.978" level="DEBUG">Finished Request</msg>
<msg timestamp="20210825 12:51:26.978" level="TRACE">Return: None</msg>
<status status="PASS" starttime="20210825 12:51:26.877" endtime="20210825 12:51:26.978"/>
</kw>
<kw name="Click Element" library="AppiumLibrary">
<arg>${CANCEL_BUTTON}</arg>
<doc>Click element identified by `locator`.</doc>
<msg timestamp="20210825 12:51:26.979" level="TRACE">Arguments: [ "xpath=//*[contains(@text,'CANCEL')]" ]</msg>
<msg timestamp="20210825 12:51:26.981" level="INFO">Clicking element 'xpath=//*[contains(@text,'CANCEL')]'.</msg>
<msg timestamp="20210825 12:51:26.981" level="DEBUG">POST http://127.0.0.1:4723/wd/hub/session/55a8fd82-8d60-4804-87b1-4b039a07e9dc/elements {"using": "xpath", "value": "//*[contains(@text,'CANCEL')]"}</msg>
<msg timestamp="20210825 12:51:27.097" level="DEBUG">http://127.0.0.1:4723 "POST /wd/hub/session/55a8fd82-8d60-4804-87b1-4b039a07e9dc/elements HTTP/1.1" 200 139</msg>
<msg timestamp="20210825 12:51:27.098" level="DEBUG">Finished Request</msg>
<msg timestamp="20210825 12:51:27.098" level="DEBUG">POST http://127.0.0.1:4723/wd/hub/session/55a8fd82-8d60-4804-87b1-4b039a07e9dc/element/7f532833-c5a1-44cd-9b53-16c96417cade/click {"id": "7f532833-c5a1-44cd-9b53-16c96417cade"}</msg>
<msg timestamp="20210825 12:51:27.161" level="DEBUG">http://127.0.0.1:4723 "POST /wd/hub/session/55a8fd82-8d60-4804-87b1-4b039a07e9dc/element/7f532833-c5a1-44cd-9b53-16c96417cade/click HTTP/1.1" 200 14</msg>
<msg timestamp="20210825 12:51:27.162" level="DEBUG">Finished Request</msg>
<msg timestamp="20210825 12:51:27.162" level="TRACE">Return: None</msg>
<status status="PASS" starttime="20210825 12:51:26.978" endtime="20210825 12:51:27.162"/>
</kw>
<kw name="Assert Customer ID Is Displayed On the Settings Screen" library="pia-resources">
<arg>${CUSTOMER_ID}</arg>
<msg timestamp="20210825 12:51:27.163" level="TRACE">Arguments: [ ${CUSTOMER_ID}='101' ]</msg>
<kw name="Element Should Contain Text" library="AppiumLibrary">
<arg>${CUSTOMER_ID_LABEL}</arg>
<arg>${CUSTOMER_ID}</arg>
<doc>Verifies element identified by ``locator`` contains text ``expected``.</doc>
<msg timestamp="20210825 12:51:27.163" level="TRACE">Arguments: [ 'id=customer_id_label' | '101' ]</msg>
<msg timestamp="20210825 12:51:27.166" level="INFO">Verifying element 'id=customer_id_label' contains text '101'.</msg>
<msg timestamp="20210825 12:51:27.166" level="DEBUG">POST http://127.0.0.1:4723/wd/hub/session/55a8fd82-8d60-4804-87b1-4b039a07e9dc/elements {"using": "id", "value": "customer_id_label"}</msg>
<msg timestamp="20210825 12:51:27.511" level="DEBUG">http://127.0.0.1:4723 "POST /wd/hub/session/55a8fd82-8d60-4804-87b1-4b039a07e9dc/elements HTTP/1.1" 200 139</msg>
<msg timestamp="20210825 12:51:27.512" level="DEBUG">Finished Request</msg>
<msg timestamp="20210825 12:51:27.512" level="DEBUG">GET http://127.0.0.1:4723/wd/hub/session/55a8fd82-8d60-4804-87b1-4b039a07e9dc/element/2c77c462-6d4e-42f6-b74c-15a642a08801/text {"id": "2c77c462-6d4e-42f6-b74c-15a642a08801"}</msg>
<msg timestamp="20210825 12:51:27.721" level="DEBUG">http://127.0.0.1:4723 "GET /wd/hub/session/55a8fd82-8d60-4804-87b1-4b039a07e9dc/element/2c77c462-6d4e-42f6-b74c-15a642a08801/text HTTP/1.1" 200 69</msg>
<msg timestamp="20210825 12:51:27.722" level="DEBUG">Finished Request</msg>
<msg timestamp="20210825 12:51:27.722" level="TRACE">Return: None</msg>
<status status="PASS" starttime="20210825 12:51:27.163" endtime="20210825 12:51:27.722"/>
</kw>
<msg timestamp="20210825 12:51:27.722" level="TRACE">Return: None</msg>
<status status="PASS" starttime="20210825 12:51:27.162" endtime="20210825 12:51:27.722"/>
</kw>
<msg timestamp="20210825 12:51:27.723" level="TRACE">Return: None</msg>
<status status="PASS" starttime="20210825 12:51:25.969" endtime="20210825 12:51:27.723"/>
</kw>
<kw name="Close Application" library="AppiumLibrary">
<doc>Closes the current application and also close webdriver session.</doc>
<msg timestamp="20210825 12:51:27.723" level="TRACE">Arguments: [  ]</msg>
<msg timestamp="20210825 12:51:27.726" level="DEBUG">Closing application with session id 55a8fd82-8d60-4804-87b1-4b039a07e9dc</msg>
<msg timestamp="20210825 12:51:27.726" level="DEBUG">DELETE http://127.0.0.1:4723/wd/hub/session/55a8fd82-8d60-4804-87b1-4b039a07e9dc {}</msg>
<msg timestamp="20210825 12:51:28.174" level="DEBUG">http://127.0.0.1:4723 "DELETE /wd/hub/session/55a8fd82-8d60-4804-87b1-4b039a07e9dc HTTP/1.1" 200 14</msg>
<msg timestamp="20210825 12:51:28.175" level="DEBUG">Finished Request</msg>
<msg timestamp="20210825 12:51:28.175" level="TRACE">Return: None</msg>
<status status="PASS" starttime="20210825 12:51:27.723" endtime="20210825 12:51:28.175"/>
</kw>
<status status="PASS" starttime="20210825 12:50:52.606" endtime="20210825 12:51:28.177"/>
</test>
<status status="PASS" starttime="20210825 12:50:52.241" endtime="20210825 12:51:28.178"/>
</suite>
<statistics>
<total>
<stat pass="1" fail="0" skip="0">All Tests</stat>
</total>
<tag>
</tag>
<suite>
<stat pass="1" fail="0" skip="0" id="s1" name="CancelEditCustomerID">CancelEditCustomerID</stat>
</suite>
</statistics>
<errors>
</errors>
</robot>
